2022-08-16T07:57:07: PM2 log: ===============================================================================
2022-08-16T07:57:07: PM2 log: --- New PM2 Daemon started ----------------------------------------------------
2022-08-16T07:57:07: PM2 log: Time                 : Tue Aug 16 2022 07:57:07 GMT+0000 (Coordinated Universal Time)
2022-08-16T07:57:07: PM2 log: PM2 version          : 5.2.0
2022-08-16T07:57:07: PM2 log: Node.js version      : 10.19.0
2022-08-16T07:57:07: PM2 log: Current arch         : x64
2022-08-16T07:57:07: PM2 log: PM2 home             : /home/bash/.pm2
2022-08-16T07:57:07: PM2 log: PM2 PID file         : /home/bash/.pm2/pm2.pid
2022-08-16T07:57:07: PM2 log: RPC socket file      : /home/bash/.pm2/rpc.sock
2022-08-16T07:57:07: PM2 log: BUS socket file      : /home/bash/.pm2/pub.sock
2022-08-16T07:57:07: PM2 log: Application log path : /home/bash/.pm2/logs
2022-08-16T07:57:07: PM2 log: Worker Interval      : 30000
2022-08-16T07:57:07: PM2 log: Process dump file    : /home/bash/.pm2/dump.pm2
2022-08-16T07:57:07: PM2 log: Concurrent actions   : 2
2022-08-16T07:57:07: PM2 log: SIGTERM timeout      : 1600
2022-08-16T07:57:07: PM2 log: ===============================================================================
2022-08-16T07:58:01: PM2 log: App [index:0] starting in -fork mode-
2022-08-16T07:58:01: PM2 log: App [index:0] online
2022-10-13T07:57:08: PM2 log: [PM2] This PM2 is not UP TO DATE
2022-10-13T07:57:08: PM2 log: [PM2] Upgrade to version 5.2.2
2022-10-14T07:57:08: PM2 log: [PM2] This PM2 is not UP TO DATE
2022-10-14T07:57:08: PM2 log: [PM2] Upgrade to version 5.2.2
2022-10-15T07:57:08: PM2 log: [PM2] This PM2 is not UP TO DATE
2022-10-15T07:57:08: PM2 log: [PM2] Upgrade to version 5.2.2
2022-10-16T07:57:08: PM2 log: [PM2] This PM2 is not UP TO DATE
2022-10-16T07:57:08: PM2 log: [PM2] Upgrade to version 5.2.2
2022-10-17T07:57:08: PM2 log: [PM2] This PM2 is not UP TO DATE
2022-10-17T07:57:08: PM2 log: [PM2] Upgrade to version 5.2.2
2022-10-18T07:57:08: PM2 log: [PM2] This PM2 is not UP TO DATE
2022-10-18T07:57:08: PM2 log: [PM2] Upgrade to version 5.2.2
2022-10-19T07:57:08: PM2 log: [PM2] This PM2 is not UP TO DATE
2022-10-19T07:57:08: PM2 log: [PM2] Upgrade to version 5.2.2
2022-10-20T07:57:08: PM2 log: [PM2] This PM2 is not UP TO DATE
2022-10-20T07:57:08: PM2 log: [PM2] Upgrade to version 5.2.2
2022-10-21T07:57:08: PM2 log: [PM2] This PM2 is not UP TO DATE
2022-10-21T07:57:08: PM2 log: [PM2] Upgrade to version 5.2.2
2022-10-22T07:57:08: PM2 log: [PM2] This PM2 is not UP TO DATE
2022-10-22T07:57:08: PM2 log: [PM2] Upgrade to version 5.2.2
2022-10-23T07:57:08: PM2 log: [PM2] This PM2 is not UP TO DATE
2022-10-23T07:57:08: PM2 log: [PM2] Upgrade to version 5.2.2
2022-10-24T07:57:08: PM2 log: [PM2] This PM2 is not UP TO DATE
2022-10-24T07:57:08: PM2 log: [PM2] Upgrade to version 5.2.2
2022-10-25T07:57:08: PM2 log: [PM2] This PM2 is not UP TO DATE
2022-10-25T07:57:08: PM2 log: [PM2] Upgrade to version 5.2.2
2022-10-26T07:57:08: PM2 log: [PM2] This PM2 is not UP TO DATE
2022-10-26T07:57:08: PM2 log: [PM2] Upgrade to version 5.2.2
2022-10-27T07:57:08: PM2 log: [PM2] This PM2 is not UP TO DATE
2022-10-27T07:57:08: PM2 log: [PM2] Upgrade to version 5.2.2
2022-10-28T07:57:08: PM2 log: [PM2] This PM2 is not UP TO DATE
2022-10-28T07:57:08: PM2 log: [PM2] Upgrade to version 5.2.2
2022-10-29T07:57:08: PM2 log: [PM2] This PM2 is not UP TO DATE
2022-10-29T07:57:08: PM2 log: [PM2] Upgrade to version 5.2.2
2022-10-30T07:57:08: PM2 log: [PM2] This PM2 is not UP TO DATE
2022-10-30T07:57:08: PM2 log: [PM2] Upgrade to version 5.2.2
2022-10-31T07:57:08: PM2 log: [PM2] This PM2 is not UP TO DATE
2022-10-31T07:57:08: PM2 log: [PM2] Upgrade to version 5.2.2
2022-11-01T07:57:08: PM2 log: [PM2] This PM2 is not UP TO DATE
2022-11-01T07:57:08: PM2 log: [PM2] Upgrade to version 5.2.2
2022-11-02T07:57:08: PM2 log: [PM2] This PM2 is not UP TO DATE
2022-11-02T07:57:08: PM2 log: [PM2] Upgrade to version 5.2.2
2022-11-03T07:57:08: PM2 log: [PM2] This PM2 is not UP TO DATE
2022-11-03T07:57:08: PM2 log: [PM2] Upgrade to version 5.2.2
2022-11-04T07:57:08: PM2 log: [PM2] This PM2 is not UP TO DATE
2022-11-04T07:57:08: PM2 log: [PM2] Upgrade to version 5.2.2
2022-11-05T07:57:08: PM2 log: [PM2] This PM2 is not UP TO DATE
2022-11-05T07:57:08: PM2 log: [PM2] Upgrade to version 5.2.2
2022-11-06T07:57:08: PM2 log: [PM2] This PM2 is not UP TO DATE
2022-11-06T07:57:08: PM2 log: [PM2] Upgrade to version 5.2.2
2022-11-07T07:57:08: PM2 log: [PM2] This PM2 is not UP TO DATE
2022-11-07T07:57:08: PM2 log: [PM2] Upgrade to version 5.2.2
2022-11-08T07:57:08: PM2 log: [PM2] This PM2 is not UP TO DATE
2022-11-08T07:57:08: PM2 log: [PM2] Upgrade to version 5.2.2
2022-11-09T07:57:08: PM2 log: [PM2] This PM2 is not UP TO DATE
2022-11-09T07:57:08: PM2 log: [PM2] Upgrade to version 5.2.2
2022-11-10T07:57:08: PM2 log: [PM2] This PM2 is not UP TO DATE
2022-11-10T07:57:08: PM2 log: [PM2] Upgrade to version 5.2.2
2022-11-11T07:57:08: PM2 log: [PM2] This PM2 is not UP TO DATE
2022-11-11T07:57:08: PM2 log: [PM2] Upgrade to version 5.2.2
2022-11-12T07:57:08: PM2 log: [PM2] This PM2 is not UP TO DATE
2022-11-12T07:57:08: PM2 log: [PM2] Upgrade to version 5.2.2
2022-11-13T07:57:08: PM2 log: [PM2] This PM2 is not UP TO DATE
2022-11-13T07:57:08: PM2 log: [PM2] Upgrade to version 5.2.2
2022-11-14T07:57:08: PM2 log: [PM2] This PM2 is not UP TO DATE
2022-11-14T07:57:08: PM2 log: [PM2] Upgrade to version 5.2.2
2022-11-15T07:57:08: PM2 log: [PM2] This PM2 is not UP TO DATE
2022-11-15T07:57:08: PM2 log: [PM2] Upgrade to version 5.2.2
2022-11-16T07:57:08: PM2 log: [PM2] This PM2 is not UP TO DATE
2022-11-16T07:57:08: PM2 log: [PM2] Upgrade to version 5.2.2
2022-11-17T07:57:15: PM2 log: [PM2] This PM2 is not UP TO DATE
2022-11-17T07:57:15: PM2 log: [PM2] Upgrade to version 5.2.2
2022-11-18T07:57:08: PM2 log: [PM2] This PM2 is not UP TO DATE
2022-11-18T07:57:08: PM2 log: [PM2] Upgrade to version 5.2.2
2022-11-19T07:57:08: PM2 log: [PM2] This PM2 is not UP TO DATE
2022-11-19T07:57:08: PM2 log: [PM2] Upgrade to version 5.2.2
2022-11-20T07:57:08: PM2 log: [PM2] This PM2 is not UP TO DATE
2022-11-20T07:57:08: PM2 log: [PM2] Upgrade to version 5.2.2
2022-11-21T07:57:08: PM2 log: [PM2] This PM2 is not UP TO DATE
2022-11-21T07:57:08: PM2 log: [PM2] Upgrade to version 5.2.2
2022-11-22T07:57:08: PM2 log: [PM2] This PM2 is not UP TO DATE
2022-11-22T07:57:08: PM2 log: [PM2] Upgrade to version 5.2.2
2022-11-23T07:57:08: PM2 log: [PM2] This PM2 is not UP TO DATE
2022-11-23T07:57:08: PM2 log: [PM2] Upgrade to version 5.2.2
2022-11-24T07:57:08: PM2 log: [PM2] This PM2 is not UP TO DATE
2022-11-24T07:57:08: PM2 log: [PM2] Upgrade to version 5.2.2
2022-11-25T07:57:08: PM2 log: [PM2] This PM2 is not UP TO DATE
2022-11-25T07:57:08: PM2 log: [PM2] Upgrade to version 5.2.2
2022-11-26T07:57:08: PM2 log: [PM2] This PM2 is not UP TO DATE
2022-11-26T07:57:08: PM2 log: [PM2] Upgrade to version 5.2.2
2022-11-27T07:57:08: PM2 log: [PM2] This PM2 is not UP TO DATE
2022-11-27T07:57:08: PM2 log: [PM2] Upgrade to version 5.2.2
2022-11-27T13:22:37: PM2 log: Stopping app:index id:0
2022-11-27T13:22:37: PM2 log: App [index:0] exited with code [0] via signal [SIGINT]
2022-11-27T13:22:37: PM2 log: pid=92597 msg=process killed
2022-11-28T07:57:08: PM2 log: [PM2] This PM2 is not UP TO DATE
2022-11-28T07:57:08: PM2 log: [PM2] Upgrade to version 5.2.2
2022-11-29T07:57:08: PM2 log: [PM2] This PM2 is not UP TO DATE
2022-11-29T07:57:08: PM2 log: [PM2] Upgrade to version 5.2.2
2022-11-30T07:57:08: PM2 log: [PM2] This PM2 is not UP TO DATE
2022-11-30T07:57:08: PM2 log: [PM2] Upgrade to version 5.2.2
2022-12-01T07:57:08: PM2 log: [PM2] This PM2 is not UP TO DATE
2022-12-01T07:57:08: PM2 log: [PM2] Upgrade to version 5.2.2
2022-12-02T07:57:08: PM2 log: [PM2] This PM2 is not UP TO DATE
2022-12-02T07:57:08: PM2 log: [PM2] Upgrade to version 5.2.2
2022-12-03T07:57:08: PM2 log: [PM2] This PM2 is not UP TO DATE
2022-12-03T07:57:08: PM2 log: [PM2] Upgrade to version 5.2.2
2022-12-04T07:57:08: PM2 log: [PM2] This PM2 is not UP TO DATE
2022-12-04T07:57:08: PM2 log: [PM2] Upgrade to version 5.2.2
2022-12-05T07:57:08: PM2 log: [PM2] This PM2 is not UP TO DATE
2022-12-05T07:57:08: PM2 log: [PM2] Upgrade to version 5.2.2
2022-12-06T07:57:08: PM2 log: [PM2] This PM2 is not UP TO DATE
2022-12-06T07:57:08: PM2 log: [PM2] Upgrade to version 5.2.2
2022-12-07T07:57:08: PM2 log: [PM2] This PM2 is not UP TO DATE
2022-12-07T07:57:08: PM2 log: [PM2] Upgrade to version 5.2.2
2022-12-08T07:57:08: PM2 log: [PM2] This PM2 is not UP TO DATE
2022-12-08T07:57:08: PM2 log: [PM2] Upgrade to version 5.2.2
2022-12-09T07:57:08: PM2 log: [PM2] This PM2 is not UP TO DATE
2022-12-09T07:57:08: PM2 log: [PM2] Upgrade to version 5.2.2
2022-12-10T07:57:08: PM2 log: [PM2] This PM2 is not UP TO DATE
2022-12-10T07:57:08: PM2 log: [PM2] Upgrade to version 5.2.2
2022-12-11T07:57:08: PM2 log: [PM2] This PM2 is not UP TO DATE
2022-12-11T07:57:08: PM2 log: [PM2] Upgrade to version 5.2.2
2022-12-12T07:57:08: PM2 log: [PM2] This PM2 is not UP TO DATE
2022-12-12T07:57:08: PM2 log: [PM2] Upgrade to version 5.2.2
2022-12-13T07:57:08: PM2 log: [PM2] This PM2 is not UP TO DATE
2022-12-13T07:57:08: PM2 log: [PM2] Upgrade to version 5.2.2
2022-12-14T07:57:08: PM2 log: [PM2] This PM2 is not UP TO DATE
2022-12-14T07:57:08: PM2 log: [PM2] Upgrade to version 5.2.2
2022-12-15T07:57:08: PM2 log: [PM2] This PM2 is not UP TO DATE
2022-12-15T07:57:08: PM2 log: [PM2] Upgrade to version 5.2.2
2022-12-16T07:57:08: PM2 log: [PM2] This PM2 is not UP TO DATE
2022-12-16T07:57:08: PM2 log: [PM2] Upgrade to version 5.2.2
2022-12-17T07:57:08: PM2 log: [PM2] This PM2 is not UP TO DATE
2022-12-17T07:57:08: PM2 log: [PM2] Upgrade to version 5.2.2
2022-12-18T07:57:08: PM2 log: [PM2] This PM2 is not UP TO DATE
2022-12-18T07:57:08: PM2 log: [PM2] Upgrade to version 5.2.2
2022-12-19T07:57:08: PM2 log: [PM2] This PM2 is not UP TO DATE
2022-12-19T07:57:08: PM2 log: [PM2] Upgrade to version 5.2.2
2022-12-20T07:57:08: PM2 log: [PM2] This PM2 is not UP TO DATE
2022-12-20T07:57:08: PM2 log: [PM2] Upgrade to version 5.2.2
2022-12-21T07:57:08: PM2 log: [PM2] This PM2 is not UP TO DATE
2022-12-21T07:57:09: PM2 log: [PM2] Upgrade to version 5.2.2
2022-12-22T07:57:08: PM2 log: [PM2] This PM2 is not UP TO DATE
2022-12-22T07:57:09: PM2 log: [PM2] Upgrade to version 5.2.2
2022-12-23T07:57:09: PM2 log: [PM2] This PM2 is not UP TO DATE
2022-12-23T07:57:09: PM2 log: [PM2] Upgrade to version 5.2.2
2022-12-24T07:57:08: PM2 log: [PM2] This PM2 is not UP TO DATE
2022-12-24T07:57:08: PM2 log: [PM2] Upgrade to version 5.2.2
2022-12-25T07:57:08: PM2 log: [PM2] This PM2 is not UP TO DATE
2022-12-25T07:57:08: PM2 log: [PM2] Upgrade to version 5.2.2
2022-12-26T07:57:08: PM2 log: [PM2] This PM2 is not UP TO DATE
2022-12-26T07:57:08: PM2 log: [PM2] Upgrade to version 5.2.2
2022-12-27T07:57:08: PM2 log: [PM2] This PM2 is not UP TO DATE
2022-12-27T07:57:08: PM2 log: [PM2] Upgrade to version 5.2.2
2022-12-28T07:57:08: PM2 log: [PM2] This PM2 is not UP TO DATE
2022-12-28T07:57:08: PM2 log: [PM2] Upgrade to version 5.2.2
2022-12-29T07:57:08: PM2 log: [PM2] This PM2 is not UP TO DATE
2022-12-29T07:57:08: PM2 log: [PM2] Upgrade to version 5.2.2
2022-12-30T07:57:08: PM2 log: [PM2] This PM2 is not UP TO DATE
2022-12-30T07:57:08: PM2 log: [PM2] Upgrade to version 5.2.2
2022-12-31T07:57:08: PM2 log: [PM2] This PM2 is not UP TO DATE
2022-12-31T07:57:08: PM2 log: [PM2] Upgrade to version 5.2.2
2023-01-01T07:57:08: PM2 log: [PM2] This PM2 is not UP TO DATE
2023-01-01T07:57:08: PM2 log: [PM2] Upgrade to version 5.2.2
2023-01-02T07:57:08: PM2 log: [PM2] This PM2 is not UP TO DATE
2023-01-02T07:57:08: PM2 log: [PM2] Upgrade to version 5.2.2
2023-01-03T07:57:08: PM2 log: [PM2] This PM2 is not UP TO DATE
2023-01-03T07:57:08: PM2 log: [PM2] Upgrade to version 5.2.2
2023-01-04T07:57:08: PM2 log: [PM2] This PM2 is not UP TO DATE
2023-01-04T07:57:08: PM2 log: [PM2] Upgrade to version 5.2.2
2023-01-05T07:57:08: PM2 log: [PM2] This PM2 is not UP TO DATE
2023-01-05T07:57:08: PM2 log: [PM2] Upgrade to version 5.2.2
2023-01-06T07:57:08: PM2 log: [PM2] This PM2 is not UP TO DATE
2023-01-06T07:57:08: PM2 log: [PM2] Upgrade to version 5.2.2
2023-01-07T07:57:08: PM2 log: [PM2] This PM2 is not UP TO DATE
2023-01-07T07:57:08: PM2 log: [PM2] Upgrade to version 5.2.2
2023-01-08T07:57:08: PM2 log: [PM2] This PM2 is not UP TO DATE
2023-01-08T07:57:08: PM2 log: [PM2] Upgrade to version 5.2.2
2023-01-09T07:57:08: PM2 log: [PM2] This PM2 is not UP TO DATE
2023-01-09T07:57:08: PM2 log: [PM2] Upgrade to version 5.2.2
2023-01-10T07:57:08: PM2 log: [PM2] This PM2 is not UP TO DATE
2023-01-10T07:57:08: PM2 log: [PM2] Upgrade to version 5.2.2
2023-01-11T07:57:08: PM2 log: [PM2] This PM2 is not UP TO DATE
2023-01-11T07:57:08: PM2 log: [PM2] Upgrade to version 5.2.2
2023-01-12T07:57:08: PM2 log: [PM2] This PM2 is not UP TO DATE
2023-01-12T07:57:08: PM2 log: [PM2] Upgrade to version 5.2.2
2023-01-13T07:57:08: PM2 log: [PM2] This PM2 is not UP TO DATE
2023-01-13T07:57:08: PM2 log: [PM2] Upgrade to version 5.2.2
2023-01-14T07:57:08: PM2 log: [PM2] This PM2 is not UP TO DATE
2023-01-14T07:57:08: PM2 log: [PM2] Upgrade to version 5.2.2
2023-01-15T07:57:08: PM2 log: [PM2] This PM2 is not UP TO DATE
2023-01-15T07:57:08: PM2 log: [PM2] Upgrade to version 5.2.2
2023-01-16T07:57:08: PM2 log: [PM2] This PM2 is not UP TO DATE
2023-01-16T07:57:08: PM2 log: [PM2] Upgrade to version 5.2.2
2023-01-17T07:57:08: PM2 log: [PM2] This PM2 is not UP TO DATE
2023-01-17T07:57:08: PM2 log: [PM2] Upgrade to version 5.2.2
2023-01-18T07:57:08: PM2 log: [PM2] This PM2 is not UP TO DATE
2023-01-18T07:57:08: PM2 log: [PM2] Upgrade to version 5.2.2
2023-01-19T07:57:08: PM2 log: [PM2] This PM2 is not UP TO DATE
2023-01-19T07:57:08: PM2 log: [PM2] Upgrade to version 5.2.2
2023-01-20T07:57:08: PM2 log: [PM2] This PM2 is not UP TO DATE
2023-01-20T07:57:08: PM2 log: [PM2] Upgrade to version 5.2.2
2023-01-21T07:57:08: PM2 log: [PM2] This PM2 is not UP TO DATE
2023-01-21T07:57:08: PM2 log: [PM2] Upgrade to version 5.2.2
2023-01-22T07:57:08: PM2 log: [PM2] This PM2 is not UP TO DATE
2023-01-22T07:57:08: PM2 log: [PM2] Upgrade to version 5.2.2
2023-01-23T07:57:08: PM2 log: [PM2] This PM2 is not UP TO DATE
2023-01-23T07:57:08: PM2 log: [PM2] Upgrade to version 5.2.2
2023-01-24T07:57:08: PM2 log: [PM2] This PM2 is not UP TO DATE
2023-01-24T07:57:08: PM2 log: [PM2] Upgrade to version 5.2.2
2023-01-25T07:57:08: PM2 log: [PM2] This PM2 is not UP TO DATE
2023-01-25T07:57:08: PM2 log: [PM2] Upgrade to version 5.2.2
2023-01-26T07:57:08: PM2 log: [PM2] This PM2 is not UP TO DATE
2023-01-26T07:57:08: PM2 log: [PM2] Upgrade to version 5.2.2
2023-01-27T07:57:08: PM2 log: [PM2] This PM2 is not UP TO DATE
2023-01-27T07:57:08: PM2 log: [PM2] Upgrade to version 5.2.2
2023-01-28T07:57:08: PM2 log: [PM2] This PM2 is not UP TO DATE
2023-01-28T07:57:08: PM2 log: [PM2] Upgrade to version 5.2.2
2023-01-29T07:57:08: PM2 log: [PM2] This PM2 is not UP TO DATE
2023-01-29T07:57:08: PM2 log: [PM2] Upgrade to version 5.2.2
2023-01-30T07:57:08: PM2 log: [PM2] This PM2 is not UP TO DATE
2023-01-30T07:57:08: PM2 log: [PM2] Upgrade to version 5.2.2
2023-01-31T07:57:08: PM2 log: [PM2] This PM2 is not UP TO DATE
2023-01-31T07:57:08: PM2 log: [PM2] Upgrade to version 5.2.2
2023-02-01T07:57:08: PM2 log: [PM2] This PM2 is not UP TO DATE
2023-02-01T07:57:08: PM2 log: [PM2] Upgrade to version 5.2.2
2023-02-02T07:57:08: PM2 log: [PM2] This PM2 is not UP TO DATE
2023-02-02T07:57:08: PM2 log: [PM2] Upgrade to version 5.2.2
2023-02-03T07:57:08: PM2 log: [PM2] This PM2 is not UP TO DATE
2023-02-03T07:57:08: PM2 log: [PM2] Upgrade to version 5.2.2
2023-02-04T07:57:08: PM2 log: [PM2] This PM2 is not UP TO DATE
2023-02-04T07:57:08: PM2 log: [PM2] Upgrade to version 5.2.2
2023-02-05T07:57:08: PM2 log: [PM2] This PM2 is not UP TO DATE
2023-02-05T07:57:08: PM2 log: [PM2] Upgrade to version 5.2.2
2023-02-06T07:57:08: PM2 log: [PM2] This PM2 is not UP TO DATE
2023-02-06T07:57:08: PM2 log: [PM2] Upgrade to version 5.2.2
2023-02-07T07:57:08: PM2 log: [PM2] This PM2 is not UP TO DATE
2023-02-07T07:57:08: PM2 log: [PM2] Upgrade to version 5.2.2
2023-02-08T07:57:08: PM2 log: [PM2] This PM2 is not UP TO DATE
2023-02-08T07:57:08: PM2 log: [PM2] Upgrade to version 5.2.2
2023-02-09T07:57:08: PM2 log: [PM2] This PM2 is not UP TO DATE
2023-02-09T07:57:08: PM2 log: [PM2] Upgrade to version 5.2.2
2023-02-10T07:57:08: PM2 log: [PM2] This PM2 is not UP TO DATE
2023-02-10T07:57:08: PM2 log: [PM2] Upgrade to version 5.2.2
2023-02-11T07:57:08: PM2 log: [PM2] This PM2 is not UP TO DATE
2023-02-11T07:57:08: PM2 log: [PM2] Upgrade to version 5.2.2
2023-02-12T07:57:08: PM2 log: [PM2] This PM2 is not UP TO DATE
2023-02-12T07:57:08: PM2 log: [PM2] Upgrade to version 5.2.2
2023-02-13T07:57:08: PM2 log: [PM2] This PM2 is not UP TO DATE
2023-02-13T07:57:08: PM2 log: [PM2] Upgrade to version 5.2.2
2023-02-14T07:57:08: PM2 log: [PM2] This PM2 is not UP TO DATE
2023-02-14T07:57:08: PM2 log: [PM2] Upgrade to version 5.2.2
2023-02-15T07:57:09: PM2 log: [PM2] This PM2 is not UP TO DATE
2023-02-15T07:57:09: PM2 log: [PM2] Upgrade to version 5.2.2
2023-02-16T07:57:08: PM2 log: [PM2] This PM2 is not UP TO DATE
2023-02-16T07:57:08: PM2 log: [PM2] Upgrade to version 5.2.2
2023-02-17T07:57:08: PM2 log: [PM2] This PM2 is not UP TO DATE
2023-02-17T07:57:08: PM2 log: [PM2] Upgrade to version 5.2.2
2023-02-18T07:57:08: PM2 log: [PM2] This PM2 is not UP TO DATE
2023-02-18T07:57:08: PM2 log: [PM2] Upgrade to version 5.2.2
2023-02-19T07:57:08: PM2 log: [PM2] This PM2 is not UP TO DATE
2023-02-19T07:57:08: PM2 log: [PM2] Upgrade to version 5.2.2
2023-02-20T07:57:08: PM2 log: [PM2] This PM2 is not UP TO DATE
2023-02-20T07:57:08: PM2 log: [PM2] Upgrade to version 5.2.2
2023-02-21T07:57:08: PM2 log: [PM2] This PM2 is not UP TO DATE
2023-02-21T07:57:08: PM2 log: [PM2] Upgrade to version 5.2.2
2023-02-22T07:57:08: PM2 log: [PM2] This PM2 is not UP TO DATE
2023-02-22T07:57:08: PM2 log: [PM2] Upgrade to version 5.2.2
2023-02-23T07:57:08: PM2 log: [PM2] This PM2 is not UP TO DATE
2023-02-23T07:57:08: PM2 log: [PM2] Upgrade to version 5.2.2
2023-02-24T07:57:08: PM2 log: [PM2] This PM2 is not UP TO DATE
2023-02-24T07:57:09: PM2 log: [PM2] Upgrade to version 5.2.2
2023-02-25T07:57:09: PM2 log: [PM2] This PM2 is not UP TO DATE
2023-02-25T07:57:09: PM2 log: [PM2] Upgrade to version 5.2.2
2023-02-26T07:57:09: PM2 log: [PM2] This PM2 is not UP TO DATE
2023-02-26T07:57:09: PM2 log: [PM2] Upgrade to version 5.2.2
2023-02-27T07:57:09: PM2 log: [PM2] This PM2 is not UP TO DATE
2023-02-27T07:57:09: PM2 log: [PM2] Upgrade to version 5.2.2
2023-02-28T07:57:09: PM2 log: [PM2] This PM2 is not UP TO DATE
2023-02-28T07:57:09: PM2 log: [PM2] Upgrade to version 5.2.2
2023-03-01T07:57:09: PM2 log: [PM2] This PM2 is not UP TO DATE
2023-03-01T07:57:09: PM2 log: [PM2] Upgrade to version 5.2.2
2023-03-02T07:57:09: PM2 log: [PM2] This PM2 is not UP TO DATE
2023-03-02T07:57:09: PM2 log: [PM2] Upgrade to version 5.2.2
2023-03-03T07:57:09: PM2 log: [PM2] This PM2 is not UP TO DATE
2023-03-03T07:57:09: PM2 log: [PM2] Upgrade to version 5.2.2
2023-03-04T07:57:09: PM2 log: [PM2] This PM2 is not UP TO DATE
2023-03-04T07:57:09: PM2 log: [PM2] Upgrade to version 5.2.2
2023-03-05T07:57:09: PM2 log: [PM2] This PM2 is not UP TO DATE
2023-03-05T07:57:09: PM2 log: [PM2] Upgrade to version 5.2.2
2023-03-06T07:57:09: PM2 log: [PM2] This PM2 is not UP TO DATE
2023-03-06T07:57:09: PM2 log: [PM2] Upgrade to version 5.2.2
2023-03-07T07:57:09: PM2 log: [PM2] This PM2 is not UP TO DATE
2023-03-07T07:57:09: PM2 log: [PM2] Upgrade to version 5.2.2
2023-03-08T07:57:09: PM2 log: [PM2] This PM2 is not UP TO DATE
2023-03-08T07:57:09: PM2 log: [PM2] Upgrade to version 5.2.2
2023-03-09T07:57:09: PM2 log: [PM2] This PM2 is not UP TO DATE
2023-03-09T07:57:09: PM2 log: [PM2] Upgrade to version 5.2.2
2023-03-10T07:57:09: PM2 log: [PM2] This PM2 is not UP TO DATE
2023-03-10T07:57:09: PM2 log: [PM2] Upgrade to version 5.2.2
2023-03-11T07:57:09: PM2 log: [PM2] This PM2 is not UP TO DATE
2023-03-11T07:57:09: PM2 log: [PM2] Upgrade to version 5.2.2
2023-03-12T07:57:09: PM2 log: [PM2] This PM2 is not UP TO DATE
2023-03-12T07:57:09: PM2 log: [PM2] Upgrade to version 5.2.2
2023-03-13T07:57:09: PM2 log: [PM2] This PM2 is not UP TO DATE
2023-03-13T07:57:09: PM2 log: [PM2] Upgrade to version 5.2.2
2023-03-14T07:57:09: PM2 log: [PM2] This PM2 is not UP TO DATE
2023-03-14T07:57:09: PM2 log: [PM2] Upgrade to version 5.2.2
2023-03-15T07:57:09: PM2 log: [PM2] This PM2 is not UP TO DATE
2023-03-15T07:57:09: PM2 log: [PM2] Upgrade to version 5.2.2
2023-03-16T07:57:09: PM2 log: [PM2] This PM2 is not UP TO DATE
2023-03-16T07:57:09: PM2 log: [PM2] Upgrade to version 5.3.0
2023-03-17T07:57:09: PM2 log: [PM2] This PM2 is not UP TO DATE
2023-03-17T07:57:09: PM2 log: [PM2] Upgrade to version 5.3.0
2023-03-18T07:57:09: PM2 log: [PM2] This PM2 is not UP TO DATE
2023-03-18T07:57:09: PM2 log: [PM2] Upgrade to version 5.3.0
2023-03-19T07:57:09: PM2 log: [PM2] This PM2 is not UP TO DATE
2023-03-19T07:57:09: PM2 log: [PM2] Upgrade to version 5.3.0
2023-03-20T07:57:09: PM2 log: [PM2] This PM2 is not UP TO DATE
2023-03-20T07:57:09: PM2 log: [PM2] Upgrade to version 5.3.0
2023-03-21T07:57:09: PM2 log: [PM2] This PM2 is not UP TO DATE
2023-03-21T07:57:09: PM2 log: [PM2] Upgrade to version 5.3.0
2023-03-22T07:57:09: PM2 log: [PM2] This PM2 is not UP TO DATE
2023-03-22T07:57:09: PM2 log: [PM2] Upgrade to version 5.3.0
2023-03-23T07:57:09: PM2 log: [PM2] This PM2 is not UP TO DATE
2023-03-23T07:57:09: PM2 log: [PM2] Upgrade to version 5.3.0
2023-03-24T07:57:09: PM2 log: [PM2] This PM2 is not UP TO DATE
2023-03-24T07:57:09: PM2 log: [PM2] Upgrade to version 5.3.0
2023-03-25T07:57:09: PM2 log: [PM2] This PM2 is not UP TO DATE
2023-03-25T07:57:09: PM2 log: [PM2] Upgrade to version 5.3.0
2023-03-26T07:57:09: PM2 log: [PM2] This PM2 is not UP TO DATE
2023-03-26T07:57:09: PM2 log: [PM2] Upgrade to version 5.3.0
2023-03-27T07:57:09: PM2 log: [PM2] This PM2 is not UP TO DATE
2023-03-27T07:57:09: PM2 log: [PM2] Upgrade to version 5.3.0
